Traceback (most recent call last):
  File "C:\Users\wisea\EverAfter\EverAfter\backend\venv_new\lib\site-packages\sqlalchemy\engine\base.py", line 1967, in _exec_single_context
    self.dialect.do_execute(
  File "C:\Users\wisea\EverAfter\EverAfter\backend\venv_new\lib\site-packages\sqlalchemy\engine\default.py", line 952, in do_execute
    cursor.execute(statement, parameters)
  File "C:\Users\wisea\EverAfter\EverAfter\backend\venv_new\lib\site-packages\sqlalchemy\dialects\postgresql\psycopg.py", line 673, in execute
    result = self.await_(self._cursor.execute(query, params, **kw))
  File "C:\Users\wisea\EverAfter\EverAfter\backend\venv_new\lib\site-packages\sqlalchemy\util\_concurrency_py3k.py", line 132, in await_only
    return current.parent.switch(awaitable)  # type: ignore[no-any-return,attr-defined] # noqa: E501
  File "C:\Users\wisea\EverAfter\EverAfter\backend\venv_new\lib\site-packages\sqlalchemy\util\_concurrency_py3k.py", line 196, in greenlet_spawn
    value = await result
  File "C:\Users\wisea\EverAfter\EverAfter\backend\venv_new\lib\site-packages\psycopg\cursor_async.py", line 97, in execute
    raise ex.with_traceback(None)
psycopg.errors.UndefinedColumn: column engrams.personality_traits does not exist
LINE 1: ...grams.user_id, engrams.name, engrams.description, engrams.pe...
                                                             ^

The above exception was the direct cause of the following exception:

Traceback (most recent call last):
  File "C:\Users\wisea\EverAfter\EverAfter\backend\test_scheduler.py", line 93, in <module>
    asyncio.run(test_scheduler())
  File "C:\Program Files\WindowsApps\PythonSoftwareFoundation.Python.3.9_3.9.3568.0_x64__qbz5n2kfra8p0\lib\asyncio\runners.py", line 44, in run
    return loop.run_until_complete(main)
  File "C:\Program Files\WindowsApps\PythonSoftwareFoundation.Python.3.9_3.9.3568.0_x64__qbz5n2kfra8p0\lib\asyncio\base_events.py", line 647, in run_until_complete
    return future.result()
  File "C:\Users\wisea\EverAfter\EverAfter\backend\test_scheduler.py", line 22, in test_scheduler
    result = await session.execute(select(Engram).limit(1))
  File "C:\Users\wisea\EverAfter\EverAfter\backend\venv_new\lib\site-packages\sqlalchemy\ext\asyncio\session.py", line 449, in execute
    result = await greenlet_spawn(
  File "C:\Users\wisea\EverAfter\EverAfter\backend\venv_new\lib\site-packages\sqlalchemy\util\_concurrency_py3k.py", line 201, in greenlet_spawn
    result = context.throw(*sys.exc_info())
  File "C:\Users\wisea\EverAfter\EverAfter\backend\venv_new\lib\site-packages\sqlalchemy\orm\session.py", line 2351, in execute
    return self._execute_internal(
  File "C:\Users\wisea\EverAfter\EverAfter\backend\venv_new\lib\site-packages\sqlalchemy\orm\session.py", line 2249, in _execute_internal
    result: Result[Any] = compile_state_cls.orm_execute_statement(
  File "C:\Users\wisea\EverAfter\EverAfter\backend\venv_new\lib\site-packages\sqlalchemy\orm\context.py", line 306, in orm_execute_statement
    result = conn.execute(
  File "C:\Users\wisea\EverAfter\EverAfter\backend\venv_new\lib\site-packages\sqlalchemy\engine\base.py", line 1419, in execute
    return meth(
  File "C:\Users\wisea\EverAfter\EverAfter\backend\venv_new\lib\site-packages\sqlalchemy\sql\elements.py", line 527, in _execute_on_connection
    return connection._execute_clauseelement(
  File "C:\Users\wisea\EverAfter\EverAfter\backend\venv_new\lib\site-packages\sqlalchemy\engine\base.py", line 1641, in _execute_clauseelement
    ret = self._execute_context(
  File "C:\Users\wisea\EverAfter\EverAfter\backend\venv_new\lib\site-packages\sqlalchemy\engine\base.py", line 1846, in _execute_context
    return self._exec_single_context(
  File "C:\Users\wisea\EverAfter\EverAfter\backend\venv_new\lib\site-packages\sqlalchemy\engine\base.py", line 1986, in _exec_single_context
    self._handle_dbapi_exception(
  File "C:\Users\wisea\EverAfter\EverAfter\backend\venv_new\lib\site-packages\sqlalchemy\engine\base.py", line 2363, in _handle_dbapi_exception
    raise sqlalchemy_exception.with_traceback(exc_info[2]) from e
  File "C:\Users\wisea\EverAfter\EverAfter\backend\venv_new\lib\site-packages\sqlalchemy\engine\base.py", line 1967, in _exec_single_context
    self.dialect.do_execute(
  File "C:\Users\wisea\EverAfter\EverAfter\backend\venv_new\lib\site-packages\sqlalchemy\engine\default.py", line 952, in do_execute
    cursor.execute(statement, parameters)
  File "C:\Users\wisea\EverAfter\EverAfter\backend\venv_new\lib\site-packages\sqlalchemy\dialects\postgresql\psycopg.py", line 673, in execute
    result = self.await_(self._cursor.execute(query, params, **kw))
  File "C:\Users\wisea\EverAfter\EverAfter\backend\venv_new\lib\site-packages\sqlalchemy\util\_concurrency_py3k.py", line 132, in await_only
    return current.parent.switch(awaitable)  # type: ignore[no-any-return,attr-defined] # noqa: E501
  File "C:\Users\wisea\EverAfter\EverAfter\backend\venv_new\lib\site-packages\sqlalchemy\util\_concurrency_py3k.py", line 196, in greenlet_spawn
    value = await result
  File "C:\Users\wisea\EverAfter\EverAfter\backend\venv_new\lib\site-packages\psycopg\cursor_async.py", line 97, in execute
    raise ex.with_traceback(None)
sqlalchemy.exc.ProgrammingError: (psycopg.errors.UndefinedColumn) column engrams.personality_traits does not exist
LINE 1: ...grams.user_id, engrams.name, engrams.description, engrams.pe...
                                                             ^
[SQL: SELECT engrams.id, engrams.user_id, engrams.name, engrams.description, engrams.personality_traits, engrams.total_memories, engrams.training_status, engrams.avatar_url, engrams.dimension_scores, engrams.completeness_by_category, engrams.created_at, engrams.updated_at 
FROM engrams 
 LIMIT %(param_1)s::INTEGER]
[parameters: {'param_1': 1}]
(Background on this error at: https://sqlalche.me/e/20/f405)
